Release 14.7 - xst P.20131013 (nt64)
Copyright (c) 1995-2013 Xilinx, Inc.  All rights reserved.
--> Parameter TMPDIR set to xst/projnav.tmp


Total REAL time to Xst completion: 0.00 secs
Total CPU time to Xst completion: 0.12 secs
 
--> Parameter xsthdpdir set to xst


Total REAL time to Xst completion: 0.00 secs
Total CPU time to Xst completion: 0.12 secs
 
--> Reading design: babbage.prj

TABLE OF CONTENTS
  1) Synthesis Options Summary
  2) HDL Parsing
  3) HDL Elaboration
  4) HDL Synthesis
       4.1) HDL Synthesis Report
  5) Advanced HDL Synthesis
       5.1) Advanced HDL Synthesis Report
  6) Low Level Synthesis
  7) Partition Report
  8) Design Summary
       8.1) Primitive and Black Box Usage
       8.2) Device utilization summary
       8.3) Partition Resource Summary
       8.4) Timing Report
            8.4.1) Clock Information
            8.4.2) Asynchronous Control Signals Information
            8.4.3) Timing Summary
            8.4.4) Timing Details
            8.4.5) Cross Clock Domains Report


=========================================================================
*                      Synthesis Options Summary                        *
=========================================================================
---- Source Parameters
Input File Name                    : "babbage.prj"
Ignore Synthesis Constraint File   : NO

---- Target Parameters
Output File Name                   : "babbage"
Output Format                      : NGC
Target Device                      : xc6slx9-2-csg324

---- Source Options
Top Module Name                    : babbage
Automatic FSM Extraction           : YES
FSM Encoding Algorithm             : Auto
Safe Implementation                : No
FSM Style                          : LUT
RAM Extraction                     : Yes
RAM Style                          : Auto
ROM Extraction                     : Yes
Shift Register Extraction          : YES
ROM Style                          : Auto
Resource Sharing                   : YES
Asynchronous To Synchronous        : NO
Shift Register Minimum Size        : 2
Use DSP Block                      : Auto
Automatic Register Balancing       : No

---- Target Options
LUT Combining                      : Auto
Reduce Control Sets                : Auto
Add IO Buffers                     : YES
Global Maximum Fanout              : 100000
Add Generic Clock Buffer(BUFG)     : 16
Register Duplication               : YES
Optimize Instantiated Primitives   : NO
Use Clock Enable                   : Auto
Use Synchronous Set                : Auto
Use Synchronous Reset              : Auto
Pack IO Registers into IOBs        : Auto
Equivalent register Removal        : YES

---- General Options
Optimization Goal                  : Speed
Optimization Effort                : 1
Power Reduction                    : NO
Keep Hierarchy                     : No
Netlist Hierarchy                  : As_Optimized
RTL Output                         : Yes
Global Optimization                : AllClockNets
Read Cores                         : YES
Write Timing Constraints           : NO
Cross Clock Analysis               : NO
Hierarchy Separator                : /
Bus Delimiter                      : <>
Case Specifier                     : Maintain
Slice Utilization Ratio            : 100
BRAM Utilization Ratio             : 100
DSP48 Utilization Ratio            : 100
Auto BRAM Packing                  : NO
Slice Utilization Ratio Delta      : 5

=========================================================================


=========================================================================
*                          HDL Parsing                                  *
=========================================================================
Analyzing Verilog file "C:\Users\souza\Desktop\babbage\babbage\babbage.v" into library work
Parsing module <babbage>.

=========================================================================
*                            HDL Elaboration                            *
=========================================================================

Elaborating module <babbage>.

=========================================================================
*                           HDL Synthesis                               *
=========================================================================

Synthesizing Unit <babbage>.
    Related source file is "C:\Users\souza\Desktop\babbage\babbage\babbage.v".
        inicio = 0
        espera = 1
        setar = 2
        calculo = 3
        parar = 4
    Found 10-bit register for signal <outdata>.
    Found 10-bit register for signal <f>.
    Found 10-bit register for signal <g>.
    Found 5-bit register for signal <nout>.
    Found 3-bit register for signal <state>.
    Found finite state machine <FSM_0> for signal <state>.
    -----------------------------------------------------------------------
    | States             | 5                                              |
    | Transitions        | 7                                              |
    | Inputs             | 2                                              |
    | Outputs            | 3                                              |
    | Clock              | clk (rising_edge)                              |
    | Reset              | rst (positive)                                 |
    | Reset type         | asynchronous                                   |
    | Reset State        | 000                                            |
    | Encoding           | auto                                           |
    | Implementation     | LUT                                            |
    -----------------------------------------------------------------------
    Found 10-bit adder for signal <h[9]_f[9]_add_2_OUT> created at line 74.
    Found 10-bit adder for signal <f[9]_g[9]_add_3_OUT> created at line 75.
    Found 10-bit adder for signal <g[9]_GND_1_o_add_4_OUT> created at line 76.
    Found 5-bit adder for signal <n[4]_GND_1_o_add_5_OUT> created at line 77.
    Found 5-bit comparator greater for signal <n[4]_nmax[4]_LessThan_7_o> created at line 78
    Summary:
	inferred   4 Adder/Subtractor(s).
	inferred  35 D-type flip-flop(s).
	inferred   1 Comparator(s).
	inferred   7 Multiplexer(s).
	inferred   1 Finite State Machine(s).
Unit <babbage> synthesized.

=========================================================================
HDL Synthesis Report

Macro Statistics
# Adders/Subtractors                                   : 4
 10-bit adder                                          : 3
 5-bit adder                                           : 1
# Registers                                            : 4
 10-bit register                                       : 3
 5-bit register                                        : 1
# Comparators                                          : 1
 5-bit comparator greater                              : 1
# Multiplexers                                         : 7
 10-bit 2-to-1 multiplexer                             : 6
 5-bit 2-to-1 multiplexer                              : 1
# FSMs                                                 : 1

=========================================================================

=========================================================================
*                       Advanced HDL Synthesis                          *
=========================================================================


=========================================================================
Advanced HDL Synthesis Report

Macro Statistics
# Adders/Subtractors                                   : 4
 10-bit adder                                          : 3
 5-bit adder                                           : 1
# Registers                                            : 35
 Flip-Flops                                            : 35
# Comparators                                          : 1
 5-bit comparator greater                              : 1
# Multiplexers                                         : 7
 10-bit 2-to-1 multiplexer                             : 6
 5-bit 2-to-1 multiplexer                              : 1
# FSMs                                                 : 1

=========================================================================

=========================================================================
*                         Low Level Synthesis                           *
=========================================================================
Analyzing FSM <MFsm> for best encoding.
Optimizing FSM <FSM_0> on signal <state[1:3]> with gray encoding.
-------------------
 State | Encoding
-------------------
 000   | 000
 001   | 001
 010   | 011
 011   | 010
 100   | 110
-------------------
WARNING:Xst:1710 - FF/Latch <g_0> (without init value) has a constant value of 0 in block <babbage>. This FF/Latch will be trimmed during the optimization process.

Optimizing unit <babbage> ...
INFO:Xst:2261 - The FF/Latch <n_1> in Unit <babbage> is equivalent to the following FF/Latch, which will be removed : <g_2> 
INFO:Xst:2261 - The FF/Latch <g_1> in Unit <babbage> is equivalent to the following FF/Latch, which will be removed : <h_0> 

Mapping all equations...
Building and optimizing final netlist ...
Found area constraint ratio of 100 (+ 5) on block babbage, actual ratio is 1.
FlipFlop state_FSM_FFd1 has been replicated 2 time(s)
FlipFlop state_FSM_FFd2 has been replicated 3 time(s)
FlipFlop state_FSM_FFd3 has been replicated 1 time(s)

Final Macro Processing ...

=========================================================================
Final Register Report

Macro Statistics
# Registers                                            : 41
 Flip-Flops                                            : 41

=========================================================================

=========================================================================
*                           Partition Report                            *
=========================================================================

Partition Implementation Status
-------------------------------

  No Partitions were found in this design.

-------------------------------

=========================================================================
*                            Design Summary                             *
=========================================================================

Top Level Output File Name         : babbage.ngc

Primitive and Black Box Usage:
------------------------------
# BELS                             : 109
#      GND                         : 1
#      INV                         : 4
#      LUT1                        : 1
#      LUT2                        : 21
#      LUT3                        : 4
#      LUT4                        : 6
#      LUT5                        : 23
#      LUT6                        : 11
#      MUXCY                       : 18
#      MUXF7                       : 1
#      XORCY                       : 19
# FlipFlops/Latches                : 41
#      FDC                         : 9
#      FDCE                        : 32
# Clock Buffers                    : 1
#      BUFGP                       : 1
# IO Buffers                       : 22
#      IBUF                        : 7
#      OBUF                        : 15

Device utilization summary:
---------------------------

Selected Device : 6slx9csg324-2 


Slice Logic Utilization: 
 Number of Slice Registers:              41  out of  11440     0%  
 Number of Slice LUTs:                   70  out of   5720     1%  
    Number used as Logic:                70  out of   5720     1%  

Slice Logic Distribution: 
 Number of LUT Flip Flop pairs used:     73
   Number with an unused Flip Flop:      32  out of     73    43%  
   Number with an unused LUT:             3  out of     73     4%  
   Number of fully used LUT-FF pairs:    38  out of     73    52%  
   Number of unique control sets:         6

IO Utilization: 
 Number of IOs:                          23
 Number of bonded IOBs:                  23  out of    200    11%  

Specific Feature Utilization:
 Number of BUFG/BUFGCTRLs:                1  out of     16     6%  

---------------------------
Partition Resource Summary:
---------------------------

  No Partitions were found in this design.

---------------------------


=========================================================================
Timing Report

NOTE: THESE TIMING NUMBERS ARE ONLY A SYNTHESIS ESTIMATE.
      FOR ACCURATE TIMING INFORMATION PLEASE REFER TO THE TRACE REPORT
      GENERATED AFTER PLACE-and-ROUTE.

Clock Information:
------------------
-----------------------------------+------------------------+-------+
Clock Signal                       | Clock buffer(FF name)  | Load  |
-----------------------------------+------------------------+-------+
clk                                | BUFGP                  | 41    |
-----------------------------------+------------------------+-------+

Asynchronous Control Signals Information:
----------------------------------------
No asynchronous control signals found in this design

Timing Summary:
---------------
Speed Grade: -2

   Minimum period: 3.389ns (Maximum Frequency: 295.116MHz)
   Minimum input arrival time before clock: 4.235ns
   Maximum output required time after clock: 4.475ns
   Maximum combinational path delay: No path found

Timing Details:
---------------
All values displayed in nanoseconds (ns)

=========================================================================
Timing constraint: Default period analysis for Clock 'clk'
  Clock period: 3.389ns (frequency: 295.116MHz)
  Total number of paths / destination ports: 614 / 73
-------------------------------------------------------------------------
Delay:               3.389ns (Levels of Logic = 10)
  Source:            n_1 (FF)
  Destination:       f_9 (FF)
  Source Clock:      clk rising
  Destination Clock: clk rising

  Data Path: n_1 to f_9
                                Gate     Net
    Cell:in->out      fanout   Delay   Delay  Logical Name (Net Name)
    ----------------------------------------  ------------
     FDCE:C->Q            11   0.525   1.039  n_1 (n_1)
     LUT2:I1->O            1   0.254   0.000  Madd_f[9]_g[9]_add_3_OUT_lut<2> (Madd_f[9]_g[9]_add_3_OUT_lut<2>)
     MUXCY:S->O            1   0.215   0.000  Madd_f[9]_g[9]_add_3_OUT_cy<2> (Madd_f[9]_g[9]_add_3_OUT_cy<2>)
     MUXCY:CI->O           1   0.023   0.000  Madd_f[9]_g[9]_add_3_OUT_cy<3> (Madd_f[9]_g[9]_add_3_OUT_cy<3>)
     MUXCY:CI->O           1   0.023   0.000  Madd_f[9]_g[9]_add_3_OUT_cy<4> (Madd_f[9]_g[9]_add_3_OUT_cy<4>)
     MUXCY:CI->O           1   0.023   0.000  Madd_f[9]_g[9]_add_3_OUT_cy<5> (Madd_f[9]_g[9]_add_3_OUT_cy<5>)
     MUXCY:CI->O           1   0.023   0.000  Madd_f[9]_g[9]_add_3_OUT_cy<6> (Madd_f[9]_g[9]_add_3_OUT_cy<6>)
     MUXCY:CI->O           1   0.023   0.000  Madd_f[9]_g[9]_add_3_OUT_cy<7> (Madd_f[9]_g[9]_add_3_OUT_cy<7>)
     MUXCY:CI->O           0   0.023   0.000  Madd_f[9]_g[9]_add_3_OUT_cy<8> (Madd_f[9]_g[9]_add_3_OUT_cy<8>)
     XORCY:CI->O           1   0.206   0.682  Madd_f[9]_g[9]_add_3_OUT_xor<9> (f[9]_g[9]_add_3_OUT<9>)
     LUT4:I3->O            1   0.254   0.000  Mmux__n006721 (_n0067<1>)
     FDCE:D                    0.074          f_9
    ----------------------------------------
    Total                      3.389ns (1.668ns logic, 1.721ns route)
                                       (49.2% logic, 50.8% route)

=========================================================================
Timing constraint: Default OFFSET IN BEFORE for Clock 'clk'
  Total number of paths / destination ports: 78 / 48
-------------------------------------------------------------------------
Offset:              4.235ns (Levels of Logic = 4)
  Source:            nmax<4> (PAD)
  Destination:       state_FSM_FFd1 (FF)
  Destination Clock: clk rising

  Data Path: nmax<4> to state_FSM_FFd1
                                Gate     Net
    Cell:in->out      fanout   Delay   Delay  Logical Name (Net Name)
    ----------------------------------------  ------------
     IBUF:I->O             4   1.328   1.259  nmax_4_IBUF (nmax_4_IBUF)
     LUT6:I0->O            1   0.254   0.910  state_FSM_FFd1-In1_SW3_F (N19)
     LUT5:I2->O            1   0.235   0.000  state_FSM_FFd1-In2_G (N22)
     MUXF7:I1->O           3   0.175   0.000  state_FSM_FFd1-In2 (state_FSM_FFd1-In)
     FDC:D                     0.074          state_FSM_FFd1
    ----------------------------------------
    Total                      4.235ns (2.066ns logic, 2.169ns route)
                                       (48.8% logic, 51.2% route)

=========================================================================
Timing constraint: Default OFFSET OUT AFTER for Clock 'clk'
  Total number of paths / destination ports: 15 / 15
-------------------------------------------------------------------------
Offset:              4.475ns (Levels of Logic = 1)
  Source:            n_1 (FF)
  Destination:       nout<1> (PAD)
  Source Clock:      clk rising

  Data Path: n_1 to nout<1>
                                Gate     Net
    Cell:in->out      fanout   Delay   Delay  Logical Name (Net Name)
    ----------------------------------------  ------------
     FDCE:C->Q            11   0.525   1.038  n_1 (n_1)
     OBUF:I->O                 2.912          nout_1_OBUF (nout<1>)
    ----------------------------------------
    Total                      4.475ns (3.437ns logic, 1.038ns route)
                                       (76.8% logic, 23.2% route)

=========================================================================

Cross Clock Domains Report:
--------------------------

Clock to Setup on destination clock clk
---------------+---------+---------+---------+---------+
               | Src:Rise| Src:Fall| Src:Rise| Src:Fall|
Source Clock   |Dest:Rise|Dest:Rise|Dest:Fall|Dest:Fall|
---------------+---------+---------+---------+---------+
clk            |    3.389|         |         |         |
---------------+---------+---------+---------+---------+

=========================================================================


Total REAL time to Xst completion: 4.00 secs
Total CPU time to Xst completion: 3.85 secs
 
--> 

Total memory usage is 4501656 kilobytes

Number of errors   :    0 (   0 filtered)
Number of warnings :    1 (   0 filtered)
Number of infos    :    2 (   0 filtered)

