Release 14.7 - xst P.20131013 (nt64)
Copyright (c) 1995-2013 Xilinx, Inc.  All rights reserved.
--> Parameter TMPDIR set to xst/projnav.tmp


Total REAL time to Xst completion: 0.00 secs
Total CPU time to Xst completion: 0.11 secs
 
--> Parameter xsthdpdir set to xst


Total REAL time to Xst completion: 0.00 secs
Total CPU time to Xst completion: 0.12 secs
 
--> Reading design: displaymux.prj

TABLE OF CONTENTS
  1) Synthesis Options Summary
  2) HDL Parsing
  3) HDL Elaboration
  4) HDL Synthesis
       4.1) HDL Synthesis Report
  5) Advanced HDL Synthesis
       5.1) Advanced HDL Synthesis Report
  6) Low Level Synthesis
  7) Partition Report
  8) Design Summary
       8.1) Primitive and Black Box Usage
       8.2) Device utilization summary
       8.3) Partition Resource Summary
       8.4) Timing Report
            8.4.1) Clock Information
            8.4.2) Asynchronous Control Signals Information
            8.4.3) Timing Summary
            8.4.4) Timing Details
            8.4.5) Cross Clock Domains Report


=========================================================================
*                      Synthesis Options Summary                        *
=========================================================================
---- Source Parameters
Input File Name                    : "displaymux.prj"
Ignore Synthesis Constraint File   : NO

---- Target Parameters
Output File Name                   : "displaymux"
Output Format                      : NGC
Target Device                      : xc6slx9-2-csg324

---- Source Options
Top Module Name                    : displaymux
Automatic FSM Extraction           : YES
FSM Encoding Algorithm             : Auto
Safe Implementation                : No
FSM Style                          : LUT
RAM Extraction                     : Yes
RAM Style                          : Auto
ROM Extraction                     : Yes
Shift Register Extraction          : YES
ROM Style                          : Auto
Resource Sharing                   : YES
Asynchronous To Synchronous        : NO
Shift Register Minimum Size        : 2
Use DSP Block                      : Auto
Automatic Register Balancing       : No

---- Target Options
LUT Combining                      : Auto
Reduce Control Sets                : Auto
Add IO Buffers                     : YES
Global Maximum Fanout              : 100000
Add Generic Clock Buffer(BUFG)     : 16
Register Duplication               : YES
Optimize Instantiated Primitives   : NO
Use Clock Enable                   : Auto
Use Synchronous Set                : Auto
Use Synchronous Reset              : Auto
Pack IO Registers into IOBs        : Auto
Equivalent register Removal        : YES

---- General Options
Optimization Goal                  : Speed
Optimization Effort                : 1
Power Reduction                    : NO
Keep Hierarchy                     : No
Netlist Hierarchy                  : As_Optimized
RTL Output                         : Yes
Global Optimization                : AllClockNets
Read Cores                         : YES
Write Timing Constraints           : NO
Cross Clock Analysis               : NO
Hierarchy Separator                : /
Bus Delimiter                      : <>
Case Specifier                     : Maintain
Slice Utilization Ratio            : 100
BRAM Utilization Ratio             : 100
DSP48 Utilization Ratio            : 100
Auto BRAM Packing                  : NO
Slice Utilization Ratio Delta      : 5

=========================================================================


=========================================================================
*                          HDL Parsing                                  *
=========================================================================
Analyzing Verilog file "C:\Users\souza\Desktop\babbage\babbage\bin2BCD.v" into library work
Parsing module <bin2BCD>.
Analyzing Verilog file "C:\Users\souza\Desktop\babbage\babbage\displaymux.v" into library work
Parsing module <displaymux>.

=========================================================================
*                            HDL Elaboration                            *
=========================================================================

Elaborating module <displaymux>.

Elaborating module <bin2BCD>.

=========================================================================
*                           HDL Synthesis                               *
=========================================================================

Synthesizing Unit <displaymux>.
    Related source file is "C:\Users\souza\Desktop\babbage\babbage\displaymux.v".
        s0 = 0
        s1 = 1
        s2 = 2
    Found 4-bit register for signal <decinput>.
    Found 2-bit register for signal <state>.
    Found 3-bit register for signal <dsel>.
    Found finite state machine <FSM_0> for signal <state>.
    -----------------------------------------------------------------------
    | States             | 3                                              |
    | Transitions        | 3                                              |
    | Inputs             | 0                                              |
    | Outputs            | 5                                              |
    | Clock              | clk (rising_edge)                              |
    | Power Up State     | 00                                             |
    | Encoding           | auto                                           |
    | Implementation     | LUT                                            |
    -----------------------------------------------------------------------
    Found 16x7-bit Read Only RAM for signal <hex>
    Found 4-bit 4-to-1 multiplexer for signal <state[1]_und0[3]_wide_mux_2_OUT> created at line 51.
    Summary:
	inferred   1 RAM(s).
	inferred   7 D-type flip-flop(s).
	inferred   1 Multiplexer(s).
	inferred   1 Finite State Machine(s).
Unit <displaymux> synthesized.

Synthesizing Unit <bin2BCD>.
    Related source file is "C:\Users\souza\Desktop\babbage\babbage\bin2BCD.v".
    Found 4-bit adder for signal <n0075> created at line 38.
    Found 4-bit adder for signal <GND_2_o_GND_2_o_add_4_OUT> created at line 38.
    Found 4-bit adder for signal <GND_2_o_GND_2_o_add_7_OUT> created at line 38.
    Found 4-bit adder for signal <n0085> created at line 37.
    Found 4-bit adder for signal <GND_2_o_GND_2_o_add_13_OUT> created at line 38.
    Found 4-bit adder for signal <GND_2_o_GND_2_o_add_16_OUT> created at line 37.
    Found 4-bit adder for signal <GND_2_o_GND_2_o_add_19_OUT> created at line 38.
    Found 4-bit adder for signal <GND_2_o_GND_2_o_add_22_OUT> created at line 37.
    Found 4-bit adder for signal <GND_2_o_GND_2_o_add_25_OUT> created at line 38.
    Found 4-bit adder for signal <n0104> created at line 36.
    Found 4-bit adder for signal <GND_2_o_GND_2_o_add_31_OUT> created at line 37.
    Found 4-bit adder for signal <GND_2_o_GND_2_o_add_34_OUT> created at line 38.
    Found 3-bit comparator lessequal for signal <n0000> created at line 38
    Found 4-bit comparator lessequal for signal <n0004> created at line 38
    Found 4-bit comparator lessequal for signal <n0008> created at line 38
    Found 3-bit comparator lessequal for signal <n0012> created at line 37
    Found 4-bit comparator lessequal for signal <n0016> created at line 38
    Found 4-bit comparator lessequal for signal <n0020> created at line 37
    Found 4-bit comparator lessequal for signal <n0024> created at line 38
    Found 4-bit comparator lessequal for signal <n0028> created at line 37
    Found 4-bit comparator lessequal for signal <n0032> created at line 38
    Found 3-bit comparator lessequal for signal <n0036> created at line 36
    Found 4-bit comparator lessequal for signal <n0040> created at line 37
    Found 4-bit comparator lessequal for signal <n0044> created at line 38
    Summary:
	inferred  12 Adder/Subtractor(s).
	inferred  12 Comparator(s).
	inferred  12 Multiplexer(s).
Unit <bin2BCD> synthesized.

=========================================================================
HDL Synthesis Report

Macro Statistics
# RAMs                                                 : 1
 16x7-bit single-port Read Only RAM                    : 1
# Adders/Subtractors                                   : 12
 4-bit adder                                           : 12
# Registers                                            : 2
 3-bit register                                        : 1
 4-bit register                                        : 1
# Comparators                                          : 12
 3-bit comparator lessequal                            : 3
 4-bit comparator lessequal                            : 9
# Multiplexers                                         : 13
 4-bit 2-to-1 multiplexer                              : 12
 4-bit 4-to-1 multiplexer                              : 1
# FSMs                                                 : 1

=========================================================================

=========================================================================
*                       Advanced HDL Synthesis                          *
=========================================================================


Synthesizing (advanced) Unit <displaymux>.
INFO:Xst:3231 - The small RAM <Mram_hex> will be implemented on LUTs in order to maximize performance and save block RAM resources. If you want to force its implementation on block, use option/constraint ram_style.
    -----------------------------------------------------------------------
    | ram_type           | Distributed                         |          |
    -----------------------------------------------------------------------
    | Port A                                                              |
    |     aspect ratio   | 16-word x 7-bit                     |          |
    |     weA            | connected to signal <GND>           | high     |
    |     addrA          | connected to signal <decinput>      |          |
    |     diA            | connected to signal <GND>           |          |
    |     doA            | connected to signal <hex>           |          |
    -----------------------------------------------------------------------
Unit <displaymux> synthesized (advanced).

=========================================================================
Advanced HDL Synthesis Report

Macro Statistics
# RAMs                                                 : 1
 16x7-bit single-port distributed Read Only RAM        : 1
# Adders/Subtractors                                   : 12
 4-bit adder                                           : 12
# Registers                                            : 7
 Flip-Flops                                            : 7
# Comparators                                          : 12
 3-bit comparator lessequal                            : 3
 4-bit comparator lessequal                            : 9
# Multiplexers                                         : 13
 4-bit 2-to-1 multiplexer                              : 12
 4-bit 4-to-1 multiplexer                              : 1
# FSMs                                                 : 1

=========================================================================

=========================================================================
*                         Low Level Synthesis                           *
=========================================================================
Analyzing FSM <MFsm> for best encoding.
Optimizing FSM <FSM_0> on signal <state[1:3]> with one-hot encoding.
-------------------
 State | Encoding
-------------------
 00    | 001
 01    | 010
 10    | 100
-------------------

Optimizing unit <displaymux> ...

Optimizing unit <bin2BCD> ...
INFO:Xst:3203 - The FF/Latch <dsel_1> in Unit <displaymux> is the opposite to the following FF/Latch, which will be removed : <state_FSM_FFd1> 

Mapping all equations...
Building and optimizing final netlist ...
Found area constraint ratio of 100 (+ 5) on block displaymux, actual ratio is 1.

Final Macro Processing ...

=========================================================================
Final Register Report

Macro Statistics
# Registers                                            : 9
 Flip-Flops                                            : 9

=========================================================================

=========================================================================
*                           Partition Report                            *
=========================================================================

Partition Implementation Status
-------------------------------

  No Partitions were found in this design.

-------------------------------

=========================================================================
*                            Design Summary                             *
=========================================================================

Top Level Output File Name         : displaymux.ngc

Primitive and Black Box Usage:
------------------------------
# BELS                             : 56
#      INV                         : 3
#      LUT3                        : 2
#      LUT4                        : 10
#      LUT5                        : 18
#      LUT6                        : 22
#      MUXF7                       : 1
# FlipFlops/Latches                : 9
#      FD                          : 9
# Clock Buffers                    : 1
#      BUFGP                       : 1
# IO Buffers                       : 20
#      IBUF                        : 10
#      OBUF                        : 10

Device utilization summary:
---------------------------

Selected Device : 6slx9csg324-2 


Slice Logic Utilization: 
 Number of Slice Registers:               9  out of  11440     0%  
 Number of Slice LUTs:                   55  out of   5720     0%  
    Number used as Logic:                55  out of   5720     0%  

Slice Logic Distribution: 
 Number of LUT Flip Flop pairs used:     57
   Number with an unused Flip Flop:      48  out of     57    84%  
   Number with an unused LUT:             2  out of     57     3%  
   Number of fully used LUT-FF pairs:     7  out of     57    12%  
   Number of unique control sets:         1

IO Utilization: 
 Number of IOs:                          21
 Number of bonded IOBs:                  21  out of    200    10%  

Specific Feature Utilization:
 Number of BUFG/BUFGCTRLs:                1  out of     16     6%  

---------------------------
Partition Resource Summary:
---------------------------

  No Partitions were found in this design.

---------------------------


=========================================================================
Timing Report

NOTE: THESE TIMING NUMBERS ARE ONLY A SYNTHESIS ESTIMATE.
      FOR ACCURATE TIMING INFORMATION PLEASE REFER TO THE TRACE REPORT
      GENERATED AFTER PLACE-and-ROUTE.

Clock Information:
------------------
-----------------------------------+------------------------+-------+
Clock Signal                       | Clock buffer(FF name)  | Load  |
-----------------------------------+------------------------+-------+
clk                                | BUFGP                  | 9     |
-----------------------------------+------------------------+-------+

Asynchronous Control Signals Information:
----------------------------------------
No asynchronous control signals found in this design

Timing Summary:
---------------
Speed Grade: -2

   Minimum period: 2.769ns (Maximum Frequency: 361.141MHz)
   Minimum input arrival time before clock: 12.941ns
   Maximum output required time after clock: 5.558ns
   Maximum combinational path delay: No path found

Timing Details:
---------------
All values displayed in nanoseconds (ns)

=========================================================================
Timing constraint: Default period analysis for Clock 'clk'
  Clock period: 2.769ns (frequency: 361.141MHz)
  Total number of paths / destination ports: 17 / 9
-------------------------------------------------------------------------
Delay:               2.769ns (Levels of Logic = 2)
  Source:            state_FSM_FFd3 (FF)
  Destination:       decinput_3 (FF)
  Source Clock:      clk rising
  Destination Clock: clk rising

  Data Path: state_FSM_FFd3 to decinput_3
                                Gate     Net
    Cell:in->out      fanout   Delay   Delay  Logical Name (Net Name)
    ----------------------------------------  ------------
     FD:C->Q               6   0.525   0.876  state_FSM_FFd3 (state_FSM_FFd3)
     LUT6:I5->O            1   0.254   0.790  Mmux_state[1]_und0[3]_wide_mux_2_OUT<3>3 (Mmux_state[1]_und0[3]_wide_mux_2_OUT<3>2)
     LUT6:I4->O            1   0.250   0.000  Mmux_state[1]_und0[3]_wide_mux_2_OUT<3>7 (state[1]_und0[3]_wide_mux_2_OUT<3>)
     FD:D                      0.074          decinput_3
    ----------------------------------------
    Total                      2.769ns (1.103ns logic, 1.666ns route)
                                       (39.8% logic, 60.2% route)

=========================================================================
Timing constraint: Default OFFSET IN BEFORE for Clock 'clk'
  Total number of paths / destination ports: 4200 / 4
-------------------------------------------------------------------------
Offset:              12.941ns (Levels of Logic = 9)
  Source:            bin<7> (PAD)
  Destination:       decinput_1 (FF)
  Destination Clock: clk rising

  Data Path: bin<7> to decinput_1
                                Gate     Net
    Cell:in->out      fanout   Delay   Delay  Logical Name (Net Name)
    ----------------------------------------  ------------
     IBUF:I->O            12   1.328   1.499  bin_7_IBUF (bin_7_IBUF)
     LUT5:I0->O            8   0.254   1.374  u0/Mmux_GND_2_o_GND_2_o_mux_8_OUT41 (u0/Madd_n0085_cy<0>)
     LUT5:I0->O            7   0.254   1.365  u0/Mmux_GND_2_o_GND_2_o_mux_14_OUT21 (u0/Madd_GND_2_o_GND_2_o_add_19_OUT_lut<2>)
     LUT6:I0->O            9   0.254   1.252  u0/GND_2_o_GND_2_o_LessThan_19_o (u0/GND_2_o_GND_2_o_LessThan_19_o)
     LUT6:I2->O           11   0.254   1.469  u0/Mmux_GND_2_o_GND_2_o_mux_20_OUT42 (u0/Madd_GND_2_o_GND_2_o_add_22_OUT_cy<0>)
     LUT6:I1->O            1   0.254   0.682  u0/Mmux_GND_2_o_GND_2_o_mux_23_OUT32 (u0/Mmux_GND_2_o_GND_2_o_mux_23_OUT31)
     LUT6:I5->O            4   0.254   1.080  u0/Mmux_GND_2_o_GND_2_o_mux_23_OUT33 (u0/Madd_GND_2_o_GND_2_o_add_31_OUT_lut<3>)
     LUT5:I1->O            1   0.254   0.790  Mmux_state[1]_und0[3]_wide_mux_2_OUT<1>2_SW0 (N7)
     LUT6:I4->O            1   0.250   0.000  Mmux_state[1]_und0[3]_wide_mux_2_OUT<1>4 (state[1]_und0[3]_wide_mux_2_OUT<1>)
     FD:D                      0.074          decinput_1
    ----------------------------------------
    Total                     12.941ns (3.430ns logic, 9.511ns route)
                                       (26.5% logic, 73.5% route)

=========================================================================
Timing constraint: Default OFFSET OUT AFTER for Clock 'clk'
  Total number of paths / destination ports: 31 / 10
-------------------------------------------------------------------------
Offset:              5.558ns (Levels of Logic = 2)
  Source:            decinput_2 (FF)
  Destination:       hex<6> (PAD)
  Source Clock:      clk rising

  Data Path: decinput_2 to hex<6>
                                Gate     Net
    Cell:in->out      fanout   Delay   Delay  Logical Name (Net Name)
    ----------------------------------------  ------------
     FD:C->Q               7   0.525   1.186  decinput_2 (decinput_2)
     LUT4:I0->O            1   0.254   0.681  Mram_hex61 (hex_6_OBUF)
     OBUF:I->O                 2.912          hex_6_OBUF (hex<6>)
    ----------------------------------------
    Total                      5.558ns (3.691ns logic, 1.867ns route)
                                       (66.4% logic, 33.6% route)

=========================================================================

Cross Clock Domains Report:
--------------------------

Clock to Setup on destination clock clk
---------------+---------+---------+---------+---------+
               | Src:Rise| Src:Fall| Src:Rise| Src:Fall|
Source Clock   |Dest:Rise|Dest:Rise|Dest:Fall|Dest:Fall|
---------------+---------+---------+---------+---------+
clk            |    2.769|         |         |         |
---------------+---------+---------+---------+---------+

=========================================================================


Total REAL time to Xst completion: 4.00 secs
Total CPU time to Xst completion: 4.05 secs
 
--> 

Total memory usage is 4501656 kilobytes

Number of errors   :    0 (   0 filtered)
Number of warnings :    0 (   0 filtered)
Number of infos    :    2 (   0 filtered)

